[2025-05-17T11:06:48.497+0000] {processor.py:161} INFO - Started process (PID=170) to work on /opt/airflow/dags/daily_weather_dag.py
[2025-05-17T11:06:48.504+0000] {processor.py:830} INFO - Processing file /opt/airflow/dags/daily_weather_dag.py for tasks to queue
[2025-05-17T11:06:48.507+0000] {logging_mixin.py:188} INFO - [2025-05-17T11:06:48.506+0000] {dagbag.py:538} INFO - Filling up the DagBag from /opt/airflow/dags/daily_weather_dag.py
[2025-05-17T11:06:49.855+0000] {processor.py:840} INFO - DAG(s) 'daily_weather_report' retrieved from /opt/airflow/dags/daily_weather_dag.py
[2025-05-17T11:06:50.399+0000] {logging_mixin.py:188} INFO - [2025-05-17T11:06:50.398+0000] {dag.py:3036} INFO - Sync 1 DAGs
[2025-05-17T11:06:50.446+0000] {logging_mixin.py:188} INFO - [2025-05-17T11:06:50.445+0000] {dag.py:3823} INFO - Setting next_dagrun for daily_weather_report to 2025-05-16 00:00:00+00:00, run_after=2025-05-17 00:00:00+00:00
[2025-05-17T11:06:50.675+0000] {processor.py:183} INFO - Processing /opt/airflow/dags/daily_weather_dag.py took 2.188 seconds
[2025-05-17T11:07:00.987+0000] {processor.py:161} INFO - Started process (PID=187) to work on /opt/airflow/dags/daily_weather_dag.py
[2025-05-17T11:07:00.989+0000] {processor.py:830} INFO - Processing file /opt/airflow/dags/daily_weather_dag.py for tasks to queue
[2025-05-17T11:07:00.991+0000] {logging_mixin.py:188} INFO - [2025-05-17T11:07:00.991+0000] {dagbag.py:538} INFO - Filling up the DagBag from /opt/airflow/dags/daily_weather_dag.py
[2025-05-17T11:07:01.231+0000] {processor.py:840} INFO - DAG(s) 'daily_weather_report' retrieved from /opt/airflow/dags/daily_weather_dag.py
[2025-05-17T11:07:01.274+0000] {logging_mixin.py:188} INFO - [2025-05-17T11:07:01.273+0000] {dag.py:3036} INFO - Sync 1 DAGs
[2025-05-17T11:07:01.328+0000] {logging_mixin.py:188} INFO - [2025-05-17T11:07:01.327+0000] {dag.py:3823} INFO - Setting next_dagrun for daily_weather_report to 2025-05-17 00:00:00+00:00, run_after=2025-05-18 00:00:00+00:00
[2025-05-17T11:07:01.398+0000] {processor.py:183} INFO - Processing /opt/airflow/dags/daily_weather_dag.py took 0.417 seconds
[2025-05-17T11:07:11.608+0000] {processor.py:161} INFO - Started process (PID=197) to work on /opt/airflow/dags/daily_weather_dag.py
[2025-05-17T11:07:11.611+0000] {processor.py:830} INFO - Processing file /opt/airflow/dags/daily_weather_dag.py for tasks to queue
[2025-05-17T11:07:11.615+0000] {logging_mixin.py:188} INFO - [2025-05-17T11:07:11.614+0000] {dagbag.py:538} INFO - Filling up the DagBag from /opt/airflow/dags/daily_weather_dag.py
[2025-05-17T11:07:11.865+0000] {processor.py:840} INFO - DAG(s) 'daily_weather_report' retrieved from /opt/airflow/dags/daily_weather_dag.py
[2025-05-17T11:07:12.132+0000] {logging_mixin.py:188} INFO - [2025-05-17T11:07:12.132+0000] {dag.py:3036} INFO - Sync 1 DAGs
[2025-05-17T11:07:12.186+0000] {logging_mixin.py:188} INFO - [2025-05-17T11:07:12.185+0000] {dag.py:3823} INFO - Setting next_dagrun for daily_weather_report to 2025-05-17 00:00:00+00:00, run_after=2025-05-18 00:00:00+00:00
[2025-05-17T11:07:12.271+0000] {processor.py:183} INFO - Processing /opt/airflow/dags/daily_weather_dag.py took 0.673 seconds
[2025-05-17T11:07:22.634+0000] {processor.py:161} INFO - Started process (PID=207) to work on /opt/airflow/dags/daily_weather_dag.py
[2025-05-17T11:07:22.640+0000] {processor.py:830} INFO - Processing file /opt/airflow/dags/daily_weather_dag.py for tasks to queue
[2025-05-17T11:07:22.645+0000] {logging_mixin.py:188} INFO - [2025-05-17T11:07:22.644+0000] {dagbag.py:538} INFO - Filling up the DagBag from /opt/airflow/dags/daily_weather_dag.py
[2025-05-17T11:07:23.008+0000] {processor.py:840} INFO - DAG(s) 'daily_weather_report' retrieved from /opt/airflow/dags/daily_weather_dag.py
[2025-05-17T11:07:23.053+0000] {logging_mixin.py:188} INFO - [2025-05-17T11:07:23.053+0000] {dag.py:3036} INFO - Sync 1 DAGs
[2025-05-17T11:07:23.120+0000] {logging_mixin.py:188} INFO - [2025-05-17T11:07:23.120+0000] {dag.py:3823} INFO - Setting next_dagrun for daily_weather_report to 2025-05-17 00:00:00+00:00, run_after=2025-05-18 00:00:00+00:00
[2025-05-17T11:07:23.209+0000] {processor.py:183} INFO - Processing /opt/airflow/dags/daily_weather_dag.py took 0.584 seconds
[2025-05-17T11:07:33.443+0000] {processor.py:161} INFO - Started process (PID=217) to work on /opt/airflow/dags/daily_weather_dag.py
[2025-05-17T11:07:33.448+0000] {processor.py:830} INFO - Processing file /opt/airflow/dags/daily_weather_dag.py for tasks to queue
[2025-05-17T11:07:33.454+0000] {logging_mixin.py:188} INFO - [2025-05-17T11:07:33.453+0000] {dagbag.py:538} INFO - Filling up the DagBag from /opt/airflow/dags/daily_weather_dag.py
[2025-05-17T11:07:33.926+0000] {processor.py:840} INFO - DAG(s) 'daily_weather_report' retrieved from /opt/airflow/dags/daily_weather_dag.py
[2025-05-17T11:07:34.033+0000] {logging_mixin.py:188} INFO - [2025-05-17T11:07:34.031+0000] {dag.py:3036} INFO - Sync 1 DAGs
[2025-05-17T11:07:34.152+0000] {logging_mixin.py:188} INFO - [2025-05-17T11:07:34.151+0000] {dag.py:3823} INFO - Setting next_dagrun for daily_weather_report to 2025-05-17 00:00:00+00:00, run_after=2025-05-18 00:00:00+00:00
[2025-05-17T11:07:34.228+0000] {processor.py:183} INFO - Processing /opt/airflow/dags/daily_weather_dag.py took 0.800 seconds
[2025-05-17T11:07:44.849+0000] {processor.py:161} INFO - Started process (PID=227) to work on /opt/airflow/dags/daily_weather_dag.py
[2025-05-17T11:07:44.852+0000] {processor.py:830} INFO - Processing file /opt/airflow/dags/daily_weather_dag.py for tasks to queue
[2025-05-17T11:07:44.854+0000] {logging_mixin.py:188} INFO - [2025-05-17T11:07:44.853+0000] {dagbag.py:538} INFO - Filling up the DagBag from /opt/airflow/dags/daily_weather_dag.py
[2025-05-17T11:07:45.234+0000] {processor.py:840} INFO - DAG(s) 'daily_weather_report' retrieved from /opt/airflow/dags/daily_weather_dag.py
[2025-05-17T11:07:45.396+0000] {logging_mixin.py:188} INFO - [2025-05-17T11:07:45.395+0000] {dag.py:3036} INFO - Sync 1 DAGs
[2025-05-17T11:07:45.539+0000] {logging_mixin.py:188} INFO - [2025-05-17T11:07:45.537+0000] {dag.py:3823} INFO - Setting next_dagrun for daily_weather_report to 2025-05-17 00:00:00+00:00, run_after=2025-05-18 00:00:00+00:00
[2025-05-17T11:07:45.730+0000] {processor.py:183} INFO - Processing /opt/airflow/dags/daily_weather_dag.py took 0.890 seconds
[2025-05-17T11:07:56.421+0000] {processor.py:161} INFO - Started process (PID=237) to work on /opt/airflow/dags/daily_weather_dag.py
[2025-05-17T11:07:56.427+0000] {processor.py:830} INFO - Processing file /opt/airflow/dags/daily_weather_dag.py for tasks to queue
[2025-05-17T11:07:56.437+0000] {logging_mixin.py:188} INFO - [2025-05-17T11:07:56.432+0000] {dagbag.py:538} INFO - Filling up the DagBag from /opt/airflow/dags/daily_weather_dag.py
[2025-05-17T11:07:56.944+0000] {processor.py:840} INFO - DAG(s) 'daily_weather_report' retrieved from /opt/airflow/dags/daily_weather_dag.py
[2025-05-17T11:07:57.099+0000] {logging_mixin.py:188} INFO - [2025-05-17T11:07:57.098+0000] {dag.py:3036} INFO - Sync 1 DAGs
[2025-05-17T11:07:57.222+0000] {logging_mixin.py:188} INFO - [2025-05-17T11:07:57.221+0000] {dag.py:3823} INFO - Setting next_dagrun for daily_weather_report to 2025-05-17 00:00:00+00:00, run_after=2025-05-18 00:00:00+00:00
[2025-05-17T11:07:57.410+0000] {processor.py:183} INFO - Processing /opt/airflow/dags/daily_weather_dag.py took 1.010 seconds
[2025-05-17T11:08:07.941+0000] {processor.py:161} INFO - Started process (PID=247) to work on /opt/airflow/dags/daily_weather_dag.py
[2025-05-17T11:08:07.946+0000] {processor.py:830} INFO - Processing file /opt/airflow/dags/daily_weather_dag.py for tasks to queue
[2025-05-17T11:08:07.951+0000] {logging_mixin.py:188} INFO - [2025-05-17T11:08:07.950+0000] {dagbag.py:538} INFO - Filling up the DagBag from /opt/airflow/dags/daily_weather_dag.py
[2025-05-17T11:08:08.209+0000] {processor.py:840} INFO - DAG(s) 'daily_weather_report' retrieved from /opt/airflow/dags/daily_weather_dag.py
[2025-05-17T11:08:08.254+0000] {logging_mixin.py:188} INFO - [2025-05-17T11:08:08.254+0000] {dag.py:3036} INFO - Sync 1 DAGs
[2025-05-17T11:08:08.300+0000] {logging_mixin.py:188} INFO - [2025-05-17T11:08:08.299+0000] {dag.py:3823} INFO - Setting next_dagrun for daily_weather_report to 2025-05-17 00:00:00+00:00, run_after=2025-05-18 00:00:00+00:00
[2025-05-17T11:08:08.357+0000] {processor.py:183} INFO - Processing /opt/airflow/dags/daily_weather_dag.py took 0.429 seconds
[2025-05-17T11:08:18.761+0000] {processor.py:161} INFO - Started process (PID=257) to work on /opt/airflow/dags/daily_weather_dag.py
[2025-05-17T11:08:18.765+0000] {processor.py:830} INFO - Processing file /opt/airflow/dags/daily_weather_dag.py for tasks to queue
[2025-05-17T11:08:18.769+0000] {logging_mixin.py:188} INFO - [2025-05-17T11:08:18.768+0000] {dagbag.py:538} INFO - Filling up the DagBag from /opt/airflow/dags/daily_weather_dag.py
[2025-05-17T11:08:19.099+0000] {processor.py:840} INFO - DAG(s) 'daily_weather_report' retrieved from /opt/airflow/dags/daily_weather_dag.py
[2025-05-17T11:08:19.151+0000] {logging_mixin.py:188} INFO - [2025-05-17T11:08:19.151+0000] {dag.py:3036} INFO - Sync 1 DAGs
[2025-05-17T11:08:19.197+0000] {logging_mixin.py:188} INFO - [2025-05-17T11:08:19.197+0000] {dag.py:3823} INFO - Setting next_dagrun for daily_weather_report to 2025-05-17 00:00:00+00:00, run_after=2025-05-18 00:00:00+00:00
[2025-05-17T11:08:19.256+0000] {processor.py:183} INFO - Processing /opt/airflow/dags/daily_weather_dag.py took 0.505 seconds
[2025-05-17T11:08:30.232+0000] {processor.py:161} INFO - Started process (PID=267) to work on /opt/airflow/dags/daily_weather_dag.py
[2025-05-17T11:08:30.235+0000] {processor.py:830} INFO - Processing file /opt/airflow/dags/daily_weather_dag.py for tasks to queue
[2025-05-17T11:08:30.238+0000] {logging_mixin.py:188} INFO - [2025-05-17T11:08:30.238+0000] {dagbag.py:538} INFO - Filling up the DagBag from /opt/airflow/dags/daily_weather_dag.py
[2025-05-17T11:08:30.628+0000] {processor.py:840} INFO - DAG(s) 'daily_weather_report' retrieved from /opt/airflow/dags/daily_weather_dag.py
[2025-05-17T11:08:30.819+0000] {logging_mixin.py:188} INFO - [2025-05-17T11:08:30.818+0000] {dag.py:3036} INFO - Sync 1 DAGs
[2025-05-17T11:08:30.947+0000] {logging_mixin.py:188} INFO - [2025-05-17T11:08:30.946+0000] {dag.py:3823} INFO - Setting next_dagrun for daily_weather_report to 2025-05-17 00:00:00+00:00, run_after=2025-05-18 00:00:00+00:00
[2025-05-17T11:08:31.116+0000] {processor.py:183} INFO - Processing /opt/airflow/dags/daily_weather_dag.py took 0.891 seconds
[2025-05-17T11:08:41.806+0000] {processor.py:161} INFO - Started process (PID=277) to work on /opt/airflow/dags/daily_weather_dag.py
[2025-05-17T11:08:41.808+0000] {processor.py:830} INFO - Processing file /opt/airflow/dags/daily_weather_dag.py for tasks to queue
[2025-05-17T11:08:41.811+0000] {logging_mixin.py:188} INFO - [2025-05-17T11:08:41.810+0000] {dagbag.py:538} INFO - Filling up the DagBag from /opt/airflow/dags/daily_weather_dag.py
[2025-05-17T11:08:42.011+0000] {processor.py:840} INFO - DAG(s) 'daily_weather_report' retrieved from /opt/airflow/dags/daily_weather_dag.py
[2025-05-17T11:08:42.064+0000] {logging_mixin.py:188} INFO - [2025-05-17T11:08:42.064+0000] {dag.py:3036} INFO - Sync 1 DAGs
[2025-05-17T11:08:42.127+0000] {logging_mixin.py:188} INFO - [2025-05-17T11:08:42.127+0000] {dag.py:3823} INFO - Setting next_dagrun for daily_weather_report to 2025-05-17 00:00:00+00:00, run_after=2025-05-18 00:00:00+00:00
[2025-05-17T11:08:42.213+0000] {processor.py:183} INFO - Processing /opt/airflow/dags/daily_weather_dag.py took 0.415 seconds
[2025-05-17T11:08:52.699+0000] {processor.py:161} INFO - Started process (PID=287) to work on /opt/airflow/dags/daily_weather_dag.py
[2025-05-17T11:08:52.704+0000] {processor.py:830} INFO - Processing file /opt/airflow/dags/daily_weather_dag.py for tasks to queue
[2025-05-17T11:08:52.711+0000] {logging_mixin.py:188} INFO - [2025-05-17T11:08:52.708+0000] {dagbag.py:538} INFO - Filling up the DagBag from /opt/airflow/dags/daily_weather_dag.py
[2025-05-17T11:08:53.221+0000] {processor.py:840} INFO - DAG(s) 'daily_weather_report' retrieved from /opt/airflow/dags/daily_weather_dag.py
[2025-05-17T11:08:53.379+0000] {logging_mixin.py:188} INFO - [2025-05-17T11:08:53.379+0000] {dag.py:3036} INFO - Sync 1 DAGs
[2025-05-17T11:08:53.540+0000] {logging_mixin.py:188} INFO - [2025-05-17T11:08:53.539+0000] {dag.py:3823} INFO - Setting next_dagrun for daily_weather_report to 2025-05-17 00:00:00+00:00, run_after=2025-05-18 00:00:00+00:00
[2025-05-17T11:08:53.733+0000] {processor.py:183} INFO - Processing /opt/airflow/dags/daily_weather_dag.py took 1.053 seconds
[2025-05-17T11:09:04.387+0000] {processor.py:161} INFO - Started process (PID=297) to work on /opt/airflow/dags/daily_weather_dag.py
[2025-05-17T11:09:04.392+0000] {processor.py:830} INFO - Processing file /opt/airflow/dags/daily_weather_dag.py for tasks to queue
[2025-05-17T11:09:04.394+0000] {logging_mixin.py:188} INFO - [2025-05-17T11:09:04.393+0000] {dagbag.py:538} INFO - Filling up the DagBag from /opt/airflow/dags/daily_weather_dag.py
[2025-05-17T11:09:04.612+0000] {processor.py:840} INFO - DAG(s) 'daily_weather_report' retrieved from /opt/airflow/dags/daily_weather_dag.py
[2025-05-17T11:09:04.679+0000] {logging_mixin.py:188} INFO - [2025-05-17T11:09:04.678+0000] {dag.py:3036} INFO - Sync 1 DAGs
[2025-05-17T11:09:04.799+0000] {logging_mixin.py:188} INFO - [2025-05-17T11:09:04.798+0000] {dag.py:3823} INFO - Setting next_dagrun for daily_weather_report to 2025-05-17 00:00:00+00:00, run_after=2025-05-18 00:00:00+00:00
[2025-05-17T11:09:04.977+0000] {processor.py:183} INFO - Processing /opt/airflow/dags/daily_weather_dag.py took 0.602 seconds
[2025-05-17T11:09:15.858+0000] {processor.py:161} INFO - Started process (PID=307) to work on /opt/airflow/dags/daily_weather_dag.py
[2025-05-17T11:09:15.864+0000] {processor.py:830} INFO - Processing file /opt/airflow/dags/daily_weather_dag.py for tasks to queue
[2025-05-17T11:09:15.870+0000] {logging_mixin.py:188} INFO - [2025-05-17T11:09:15.868+0000] {dagbag.py:538} INFO - Filling up the DagBag from /opt/airflow/dags/daily_weather_dag.py
[2025-05-17T11:09:16.245+0000] {processor.py:840} INFO - DAG(s) 'daily_weather_report' retrieved from /opt/airflow/dags/daily_weather_dag.py
[2025-05-17T11:09:16.300+0000] {logging_mixin.py:188} INFO - [2025-05-17T11:09:16.299+0000] {dag.py:3036} INFO - Sync 1 DAGs
[2025-05-17T11:09:16.345+0000] {logging_mixin.py:188} INFO - [2025-05-17T11:09:16.345+0000] {dag.py:3823} INFO - Setting next_dagrun for daily_weather_report to 2025-05-17 00:00:00+00:00, run_after=2025-05-18 00:00:00+00:00
[2025-05-17T11:09:16.425+0000] {processor.py:183} INFO - Processing /opt/airflow/dags/daily_weather_dag.py took 0.591 seconds
[2025-05-17T11:09:26.697+0000] {processor.py:161} INFO - Started process (PID=317) to work on /opt/airflow/dags/daily_weather_dag.py
[2025-05-17T11:09:26.702+0000] {processor.py:830} INFO - Processing file /opt/airflow/dags/daily_weather_dag.py for tasks to queue
[2025-05-17T11:09:26.706+0000] {logging_mixin.py:188} INFO - [2025-05-17T11:09:26.705+0000] {dagbag.py:538} INFO - Filling up the DagBag from /opt/airflow/dags/daily_weather_dag.py
[2025-05-17T11:09:27.208+0000] {processor.py:840} INFO - DAG(s) 'daily_weather_report' retrieved from /opt/airflow/dags/daily_weather_dag.py
[2025-05-17T11:09:27.339+0000] {logging_mixin.py:188} INFO - [2025-05-17T11:09:27.338+0000] {dag.py:3036} INFO - Sync 1 DAGs
[2025-05-17T11:09:27.412+0000] {logging_mixin.py:188} INFO - [2025-05-17T11:09:27.411+0000] {dag.py:3823} INFO - Setting next_dagrun for daily_weather_report to 2025-05-17 00:00:00+00:00, run_after=2025-05-18 00:00:00+00:00
[2025-05-17T11:09:27.516+0000] {processor.py:183} INFO - Processing /opt/airflow/dags/daily_weather_dag.py took 0.835 seconds
[2025-05-17T11:09:37.942+0000] {processor.py:161} INFO - Started process (PID=332) to work on /opt/airflow/dags/daily_weather_dag.py
[2025-05-17T11:09:37.944+0000] {processor.py:830} INFO - Processing file /opt/airflow/dags/daily_weather_dag.py for tasks to queue
[2025-05-17T11:09:37.946+0000] {logging_mixin.py:188} INFO - [2025-05-17T11:09:37.945+0000] {dagbag.py:538} INFO - Filling up the DagBag from /opt/airflow/dags/daily_weather_dag.py
[2025-05-17T11:09:38.149+0000] {processor.py:840} INFO - DAG(s) 'daily_weather_report' retrieved from /opt/airflow/dags/daily_weather_dag.py
[2025-05-17T11:09:38.248+0000] {logging_mixin.py:188} INFO - [2025-05-17T11:09:38.247+0000] {dag.py:3036} INFO - Sync 1 DAGs
[2025-05-17T11:09:38.315+0000] {logging_mixin.py:188} INFO - [2025-05-17T11:09:38.315+0000] {dag.py:3823} INFO - Setting next_dagrun for daily_weather_report to 2025-05-17 00:00:00+00:00, run_after=2025-05-18 00:00:00+00:00
[2025-05-17T11:09:38.391+0000] {processor.py:183} INFO - Processing /opt/airflow/dags/daily_weather_dag.py took 0.459 seconds
[2025-05-17T11:09:48.754+0000] {processor.py:161} INFO - Started process (PID=342) to work on /opt/airflow/dags/daily_weather_dag.py
[2025-05-17T11:09:48.758+0000] {processor.py:830} INFO - Processing file /opt/airflow/dags/daily_weather_dag.py for tasks to queue
[2025-05-17T11:09:48.763+0000] {logging_mixin.py:188} INFO - [2025-05-17T11:09:48.762+0000] {dagbag.py:538} INFO - Filling up the DagBag from /opt/airflow/dags/daily_weather_dag.py
[2025-05-17T11:09:49.186+0000] {processor.py:840} INFO - DAG(s) 'daily_weather_report' retrieved from /opt/airflow/dags/daily_weather_dag.py
[2025-05-17T11:09:49.343+0000] {logging_mixin.py:188} INFO - [2025-05-17T11:09:49.342+0000] {dag.py:3036} INFO - Sync 1 DAGs
[2025-05-17T11:09:49.402+0000] {logging_mixin.py:188} INFO - [2025-05-17T11:09:49.402+0000] {dag.py:3823} INFO - Setting next_dagrun for daily_weather_report to 2025-05-17 00:00:00+00:00, run_after=2025-05-18 00:00:00+00:00
[2025-05-17T11:09:49.524+0000] {processor.py:183} INFO - Processing /opt/airflow/dags/daily_weather_dag.py took 0.784 seconds
[2025-05-17T11:09:59.992+0000] {processor.py:161} INFO - Started process (PID=352) to work on /opt/airflow/dags/daily_weather_dag.py
[2025-05-17T11:09:59.997+0000] {processor.py:830} INFO - Processing file /opt/airflow/dags/daily_weather_dag.py for tasks to queue
[2025-05-17T11:10:00.001+0000] {logging_mixin.py:188} INFO - [2025-05-17T11:10:00.000+0000] {dagbag.py:538} INFO - Filling up the DagBag from /opt/airflow/dags/daily_weather_dag.py
[2025-05-17T11:10:00.284+0000] {processor.py:840} INFO - DAG(s) 'daily_weather_report' retrieved from /opt/airflow/dags/daily_weather_dag.py
[2025-05-17T11:10:00.403+0000] {logging_mixin.py:188} INFO - [2025-05-17T11:10:00.403+0000] {dag.py:3036} INFO - Sync 1 DAGs
[2025-05-17T11:10:00.466+0000] {logging_mixin.py:188} INFO - [2025-05-17T11:10:00.465+0000] {dag.py:3823} INFO - Setting next_dagrun for daily_weather_report to 2025-05-17 00:00:00+00:00, run_after=2025-05-18 00:00:00+00:00
[2025-05-17T11:10:00.564+0000] {processor.py:183} INFO - Processing /opt/airflow/dags/daily_weather_dag.py took 0.579 seconds
[2025-05-17T11:10:10.845+0000] {processor.py:161} INFO - Started process (PID=362) to work on /opt/airflow/dags/daily_weather_dag.py
[2025-05-17T11:10:10.850+0000] {processor.py:830} INFO - Processing file /opt/airflow/dags/daily_weather_dag.py for tasks to queue
[2025-05-17T11:10:10.855+0000] {logging_mixin.py:188} INFO - [2025-05-17T11:10:10.854+0000] {dagbag.py:538} INFO - Filling up the DagBag from /opt/airflow/dags/daily_weather_dag.py
[2025-05-17T11:10:11.189+0000] {processor.py:840} INFO - DAG(s) 'daily_weather_report' retrieved from /opt/airflow/dags/daily_weather_dag.py
[2025-05-17T11:10:11.295+0000] {logging_mixin.py:188} INFO - [2025-05-17T11:10:11.294+0000] {dag.py:3036} INFO - Sync 1 DAGs
[2025-05-17T11:10:11.354+0000] {logging_mixin.py:188} INFO - [2025-05-17T11:10:11.354+0000] {dag.py:3823} INFO - Setting next_dagrun for daily_weather_report to 2025-05-17 00:00:00+00:00, run_after=2025-05-18 00:00:00+00:00
[2025-05-17T11:10:11.444+0000] {processor.py:183} INFO - Processing /opt/airflow/dags/daily_weather_dag.py took 0.616 seconds
[2025-05-17T11:10:21.822+0000] {processor.py:161} INFO - Started process (PID=372) to work on /opt/airflow/dags/daily_weather_dag.py
[2025-05-17T11:10:21.825+0000] {processor.py:830} INFO - Processing file /opt/airflow/dags/daily_weather_dag.py for tasks to queue
[2025-05-17T11:10:21.827+0000] {logging_mixin.py:188} INFO - [2025-05-17T11:10:21.826+0000] {dagbag.py:538} INFO - Filling up the DagBag from /opt/airflow/dags/daily_weather_dag.py
[2025-05-17T11:10:22.044+0000] {processor.py:840} INFO - DAG(s) 'daily_weather_report' retrieved from /opt/airflow/dags/daily_weather_dag.py
[2025-05-17T11:10:22.145+0000] {logging_mixin.py:188} INFO - [2025-05-17T11:10:22.145+0000] {dag.py:3036} INFO - Sync 1 DAGs
[2025-05-17T11:10:22.220+0000] {logging_mixin.py:188} INFO - [2025-05-17T11:10:22.219+0000] {dag.py:3823} INFO - Setting next_dagrun for daily_weather_report to 2025-05-17 00:00:00+00:00, run_after=2025-05-18 00:00:00+00:00
[2025-05-17T11:10:22.339+0000] {processor.py:183} INFO - Processing /opt/airflow/dags/daily_weather_dag.py took 0.524 seconds
[2025-05-17T11:10:26.563+0000] {processor.py:161} INFO - Started process (PID=377) to work on /opt/airflow/dags/daily_weather_dag.py
[2025-05-17T11:10:26.565+0000] {processor.py:830} INFO - Processing file /opt/airflow/dags/daily_weather_dag.py for tasks to queue
[2025-05-17T11:10:26.567+0000] {logging_mixin.py:188} INFO - [2025-05-17T11:10:26.567+0000] {dagbag.py:538} INFO - Filling up the DagBag from /opt/airflow/dags/daily_weather_dag.py
[2025-05-17T11:10:26.837+0000] {processor.py:840} INFO - DAG(s) 'daily_weather_report' retrieved from /opt/airflow/dags/daily_weather_dag.py
[2025-05-17T11:10:27.227+0000] {logging_mixin.py:188} INFO - [2025-05-17T11:10:27.226+0000] {dag.py:3036} INFO - Sync 1 DAGs
[2025-05-17T11:10:27.292+0000] {logging_mixin.py:188} INFO - [2025-05-17T11:10:27.291+0000] {dag.py:3823} INFO - Setting next_dagrun for daily_weather_report to 2025-05-17 00:00:00+00:00, run_after=2025-05-17 04:00:00+00:00
[2025-05-17T11:10:27.396+0000] {processor.py:183} INFO - Processing /opt/airflow/dags/daily_weather_dag.py took 0.838 seconds
[2025-05-17T11:10:37.567+0000] {processor.py:161} INFO - Started process (PID=391) to work on /opt/airflow/dags/daily_weather_dag.py
[2025-05-17T11:10:37.569+0000] {processor.py:830} INFO - Processing file /opt/airflow/dags/daily_weather_dag.py for tasks to queue
[2025-05-17T11:10:37.572+0000] {logging_mixin.py:188} INFO - [2025-05-17T11:10:37.571+0000] {dagbag.py:538} INFO - Filling up the DagBag from /opt/airflow/dags/daily_weather_dag.py
[2025-05-17T11:10:37.837+0000] {processor.py:840} INFO - DAG(s) 'daily_weather_report' retrieved from /opt/airflow/dags/daily_weather_dag.py
[2025-05-17T11:10:37.908+0000] {logging_mixin.py:188} INFO - [2025-05-17T11:10:37.907+0000] {dag.py:3036} INFO - Sync 1 DAGs
[2025-05-17T11:10:37.993+0000] {logging_mixin.py:188} INFO - [2025-05-17T11:10:37.992+0000] {dag.py:3823} INFO - Setting next_dagrun for daily_weather_report to 2025-05-17 08:00:00+00:00, run_after=2025-05-17 12:00:00+00:00
[2025-05-17T11:10:38.118+0000] {processor.py:183} INFO - Processing /opt/airflow/dags/daily_weather_dag.py took 0.559 seconds
[2025-05-17T11:10:48.402+0000] {processor.py:161} INFO - Started process (PID=401) to work on /opt/airflow/dags/daily_weather_dag.py
[2025-05-17T11:10:48.408+0000] {processor.py:830} INFO - Processing file /opt/airflow/dags/daily_weather_dag.py for tasks to queue
[2025-05-17T11:10:48.414+0000] {logging_mixin.py:188} INFO - [2025-05-17T11:10:48.412+0000] {dagbag.py:538} INFO - Filling up the DagBag from /opt/airflow/dags/daily_weather_dag.py
[2025-05-17T11:10:48.862+0000] {processor.py:840} INFO - DAG(s) 'daily_weather_report' retrieved from /opt/airflow/dags/daily_weather_dag.py
[2025-05-17T11:10:48.929+0000] {logging_mixin.py:188} INFO - [2025-05-17T11:10:48.929+0000] {dag.py:3036} INFO - Sync 1 DAGs
[2025-05-17T11:10:49.014+0000] {logging_mixin.py:188} INFO - [2025-05-17T11:10:49.014+0000] {dag.py:3823} INFO - Setting next_dagrun for daily_weather_report to 2025-05-17 08:00:00+00:00, run_after=2025-05-17 12:00:00+00:00
[2025-05-17T11:10:49.180+0000] {processor.py:183} INFO - Processing /opt/airflow/dags/daily_weather_dag.py took 0.794 seconds
[2025-05-17T11:10:59.664+0000] {processor.py:161} INFO - Started process (PID=411) to work on /opt/airflow/dags/daily_weather_dag.py
[2025-05-17T11:10:59.669+0000] {processor.py:830} INFO - Processing file /opt/airflow/dags/daily_weather_dag.py for tasks to queue
[2025-05-17T11:10:59.674+0000] {logging_mixin.py:188} INFO - [2025-05-17T11:10:59.671+0000] {dagbag.py:538} INFO - Filling up the DagBag from /opt/airflow/dags/daily_weather_dag.py
[2025-05-17T11:10:59.939+0000] {processor.py:840} INFO - DAG(s) 'daily_weather_report' retrieved from /opt/airflow/dags/daily_weather_dag.py
[2025-05-17T11:11:00.004+0000] {logging_mixin.py:188} INFO - [2025-05-17T11:11:00.003+0000] {dag.py:3036} INFO - Sync 1 DAGs
[2025-05-17T11:11:00.097+0000] {logging_mixin.py:188} INFO - [2025-05-17T11:11:00.096+0000] {dag.py:3823} INFO - Setting next_dagrun for daily_weather_report to 2025-05-17 08:00:00+00:00, run_after=2025-05-17 12:00:00+00:00
[2025-05-17T11:11:00.258+0000] {processor.py:183} INFO - Processing /opt/airflow/dags/daily_weather_dag.py took 0.602 seconds
[2025-05-17T11:11:10.465+0000] {processor.py:161} INFO - Started process (PID=421) to work on /opt/airflow/dags/daily_weather_dag.py
[2025-05-17T11:11:10.470+0000] {processor.py:830} INFO - Processing file /opt/airflow/dags/daily_weather_dag.py for tasks to queue
[2025-05-17T11:11:10.475+0000] {logging_mixin.py:188} INFO - [2025-05-17T11:11:10.474+0000] {dagbag.py:538} INFO - Filling up the DagBag from /opt/airflow/dags/daily_weather_dag.py
[2025-05-17T11:11:10.771+0000] {processor.py:840} INFO - DAG(s) 'daily_weather_report' retrieved from /opt/airflow/dags/daily_weather_dag.py
[2025-05-17T11:11:10.844+0000] {logging_mixin.py:188} INFO - [2025-05-17T11:11:10.843+0000] {dag.py:3036} INFO - Sync 1 DAGs
[2025-05-17T11:11:10.893+0000] {logging_mixin.py:188} INFO - [2025-05-17T11:11:10.893+0000] {dag.py:3823} INFO - Setting next_dagrun for daily_weather_report to 2025-05-17 08:00:00+00:00, run_after=2025-05-17 12:00:00+00:00
[2025-05-17T11:11:10.953+0000] {processor.py:183} INFO - Processing /opt/airflow/dags/daily_weather_dag.py took 0.501 seconds
[2025-05-17T11:11:21.263+0000] {processor.py:161} INFO - Started process (PID=431) to work on /opt/airflow/dags/daily_weather_dag.py
[2025-05-17T11:11:21.267+0000] {processor.py:830} INFO - Processing file /opt/airflow/dags/daily_weather_dag.py for tasks to queue
[2025-05-17T11:11:21.273+0000] {logging_mixin.py:188} INFO - [2025-05-17T11:11:21.271+0000] {dagbag.py:538} INFO - Filling up the DagBag from /opt/airflow/dags/daily_weather_dag.py
[2025-05-17T11:11:21.713+0000] {processor.py:840} INFO - DAG(s) 'daily_weather_report' retrieved from /opt/airflow/dags/daily_weather_dag.py
[2025-05-17T11:11:21.836+0000] {logging_mixin.py:188} INFO - [2025-05-17T11:11:21.835+0000] {dag.py:3036} INFO - Sync 1 DAGs
[2025-05-17T11:11:21.936+0000] {logging_mixin.py:188} INFO - [2025-05-17T11:11:21.935+0000] {dag.py:3823} INFO - Setting next_dagrun for daily_weather_report to 2025-05-17 08:00:00+00:00, run_after=2025-05-17 12:00:00+00:00
[2025-05-17T11:11:22.057+0000] {processor.py:183} INFO - Processing /opt/airflow/dags/daily_weather_dag.py took 0.810 seconds
