[2025-05-17T11:06:48.513+0000] {processor.py:161} INFO - Started process (PID=173) to work on /opt/airflow/dags/weather_fetcher.py
[2025-05-17T11:06:48.519+0000] {processor.py:830} INFO - Processing file /opt/airflow/dags/weather_fetcher.py for tasks to queue
[2025-05-17T11:06:48.522+0000] {logging_mixin.py:188} INFO - [2025-05-17T11:06:48.522+0000] {dagbag.py:538} INFO - Filling up the DagBag from /opt/airflow/dags/weather_fetcher.py
[2025-05-17T11:06:48.550+0000] {processor.py:842} WARNING - No viable dags retrieved from /opt/airflow/dags/weather_fetcher.py
[2025-05-17T11:06:48.612+0000] {processor.py:183} INFO - Processing /opt/airflow/dags/weather_fetcher.py took 0.106 seconds
[2025-05-17T11:06:58.921+0000] {processor.py:161} INFO - Started process (PID=182) to work on /opt/airflow/dags/weather_fetcher.py
[2025-05-17T11:06:58.925+0000] {processor.py:830} INFO - Processing file /opt/airflow/dags/weather_fetcher.py for tasks to queue
[2025-05-17T11:06:58.930+0000] {logging_mixin.py:188} INFO - [2025-05-17T11:06:58.929+0000] {dagbag.py:538} INFO - Filling up the DagBag from /opt/airflow/dags/weather_fetcher.py
[2025-05-17T11:06:58.956+0000] {processor.py:842} WARNING - No viable dags retrieved from /opt/airflow/dags/weather_fetcher.py
[2025-05-17T11:06:59.016+0000] {processor.py:183} INFO - Processing /opt/airflow/dags/weather_fetcher.py took 0.100 seconds
[2025-05-17T11:07:09.302+0000] {processor.py:161} INFO - Started process (PID=192) to work on /opt/airflow/dags/weather_fetcher.py
[2025-05-17T11:07:09.306+0000] {processor.py:830} INFO - Processing file /opt/airflow/dags/weather_fetcher.py for tasks to queue
[2025-05-17T11:07:09.309+0000] {logging_mixin.py:188} INFO - [2025-05-17T11:07:09.308+0000] {dagbag.py:538} INFO - Filling up the DagBag from /opt/airflow/dags/weather_fetcher.py
[2025-05-17T11:07:09.337+0000] {processor.py:842} WARNING - No viable dags retrieved from /opt/airflow/dags/weather_fetcher.py
[2025-05-17T11:07:09.452+0000] {processor.py:183} INFO - Processing /opt/airflow/dags/weather_fetcher.py took 0.164 seconds
[2025-05-17T11:07:19.561+0000] {processor.py:161} INFO - Started process (PID=202) to work on /opt/airflow/dags/weather_fetcher.py
[2025-05-17T11:07:19.563+0000] {processor.py:830} INFO - Processing file /opt/airflow/dags/weather_fetcher.py for tasks to queue
[2025-05-17T11:07:19.566+0000] {logging_mixin.py:188} INFO - [2025-05-17T11:07:19.566+0000] {dagbag.py:538} INFO - Filling up the DagBag from /opt/airflow/dags/weather_fetcher.py
[2025-05-17T11:07:19.590+0000] {processor.py:842} WARNING - No viable dags retrieved from /opt/airflow/dags/weather_fetcher.py
[2025-05-17T11:07:19.725+0000] {processor.py:183} INFO - Processing /opt/airflow/dags/weather_fetcher.py took 0.175 seconds
[2025-05-17T11:07:30.216+0000] {processor.py:161} INFO - Started process (PID=212) to work on /opt/airflow/dags/weather_fetcher.py
[2025-05-17T11:07:30.220+0000] {processor.py:830} INFO - Processing file /opt/airflow/dags/weather_fetcher.py for tasks to queue
[2025-05-17T11:07:30.222+0000] {logging_mixin.py:188} INFO - [2025-05-17T11:07:30.221+0000] {dagbag.py:538} INFO - Filling up the DagBag from /opt/airflow/dags/weather_fetcher.py
[2025-05-17T11:07:30.271+0000] {processor.py:842} WARNING - No viable dags retrieved from /opt/airflow/dags/weather_fetcher.py
[2025-05-17T11:07:30.406+0000] {processor.py:183} INFO - Processing /opt/airflow/dags/weather_fetcher.py took 0.201 seconds
[2025-05-17T11:07:40.588+0000] {processor.py:161} INFO - Started process (PID=222) to work on /opt/airflow/dags/weather_fetcher.py
[2025-05-17T11:07:40.590+0000] {processor.py:830} INFO - Processing file /opt/airflow/dags/weather_fetcher.py for tasks to queue
[2025-05-17T11:07:40.592+0000] {logging_mixin.py:188} INFO - [2025-05-17T11:07:40.591+0000] {dagbag.py:538} INFO - Filling up the DagBag from /opt/airflow/dags/weather_fetcher.py
[2025-05-17T11:07:40.610+0000] {processor.py:842} WARNING - No viable dags retrieved from /opt/airflow/dags/weather_fetcher.py
[2025-05-17T11:07:40.671+0000] {processor.py:183} INFO - Processing /opt/airflow/dags/weather_fetcher.py took 0.089 seconds
[2025-05-17T11:07:51.158+0000] {processor.py:161} INFO - Started process (PID=232) to work on /opt/airflow/dags/weather_fetcher.py
[2025-05-17T11:07:51.163+0000] {processor.py:830} INFO - Processing file /opt/airflow/dags/weather_fetcher.py for tasks to queue
[2025-05-17T11:07:51.169+0000] {logging_mixin.py:188} INFO - [2025-05-17T11:07:51.167+0000] {dagbag.py:538} INFO - Filling up the DagBag from /opt/airflow/dags/weather_fetcher.py
[2025-05-17T11:07:51.246+0000] {processor.py:842} WARNING - No viable dags retrieved from /opt/airflow/dags/weather_fetcher.py
[2025-05-17T11:07:51.412+0000] {processor.py:183} INFO - Processing /opt/airflow/dags/weather_fetcher.py took 0.268 seconds
[2025-05-17T11:08:01.678+0000] {processor.py:161} INFO - Started process (PID=242) to work on /opt/airflow/dags/weather_fetcher.py
[2025-05-17T11:08:01.689+0000] {processor.py:830} INFO - Processing file /opt/airflow/dags/weather_fetcher.py for tasks to queue
[2025-05-17T11:08:01.697+0000] {logging_mixin.py:188} INFO - [2025-05-17T11:08:01.694+0000] {dagbag.py:538} INFO - Filling up the DagBag from /opt/airflow/dags/weather_fetcher.py
[2025-05-17T11:08:01.798+0000] {processor.py:842} WARNING - No viable dags retrieved from /opt/airflow/dags/weather_fetcher.py
[2025-05-17T11:08:01.937+0000] {processor.py:183} INFO - Processing /opt/airflow/dags/weather_fetcher.py took 0.273 seconds
[2025-05-17T11:08:12.370+0000] {processor.py:161} INFO - Started process (PID=252) to work on /opt/airflow/dags/weather_fetcher.py
[2025-05-17T11:08:12.374+0000] {processor.py:830} INFO - Processing file /opt/airflow/dags/weather_fetcher.py for tasks to queue
[2025-05-17T11:08:12.377+0000] {logging_mixin.py:188} INFO - [2025-05-17T11:08:12.376+0000] {dagbag.py:538} INFO - Filling up the DagBag from /opt/airflow/dags/weather_fetcher.py
[2025-05-17T11:08:12.405+0000] {processor.py:842} WARNING - No viable dags retrieved from /opt/airflow/dags/weather_fetcher.py
[2025-05-17T11:08:12.473+0000] {processor.py:183} INFO - Processing /opt/airflow/dags/weather_fetcher.py took 0.115 seconds
[2025-05-17T11:08:22.939+0000] {processor.py:161} INFO - Started process (PID=262) to work on /opt/airflow/dags/weather_fetcher.py
[2025-05-17T11:08:22.942+0000] {processor.py:830} INFO - Processing file /opt/airflow/dags/weather_fetcher.py for tasks to queue
[2025-05-17T11:08:22.945+0000] {logging_mixin.py:188} INFO - [2025-05-17T11:08:22.944+0000] {dagbag.py:538} INFO - Filling up the DagBag from /opt/airflow/dags/weather_fetcher.py
[2025-05-17T11:08:22.965+0000] {processor.py:842} WARNING - No viable dags retrieved from /opt/airflow/dags/weather_fetcher.py
[2025-05-17T11:08:23.019+0000] {processor.py:183} INFO - Processing /opt/airflow/dags/weather_fetcher.py took 0.089 seconds
[2025-05-17T11:08:33.386+0000] {processor.py:161} INFO - Started process (PID=272) to work on /opt/airflow/dags/weather_fetcher.py
[2025-05-17T11:08:33.391+0000] {processor.py:830} INFO - Processing file /opt/airflow/dags/weather_fetcher.py for tasks to queue
[2025-05-17T11:08:33.396+0000] {logging_mixin.py:188} INFO - [2025-05-17T11:08:33.395+0000] {dagbag.py:538} INFO - Filling up the DagBag from /opt/airflow/dags/weather_fetcher.py
[2025-05-17T11:08:33.455+0000] {processor.py:842} WARNING - No viable dags retrieved from /opt/airflow/dags/weather_fetcher.py
[2025-05-17T11:08:33.585+0000] {processor.py:183} INFO - Processing /opt/airflow/dags/weather_fetcher.py took 0.213 seconds
[2025-05-17T11:08:44.072+0000] {processor.py:161} INFO - Started process (PID=282) to work on /opt/airflow/dags/weather_fetcher.py
[2025-05-17T11:08:44.077+0000] {processor.py:830} INFO - Processing file /opt/airflow/dags/weather_fetcher.py for tasks to queue
[2025-05-17T11:08:44.082+0000] {logging_mixin.py:188} INFO - [2025-05-17T11:08:44.081+0000] {dagbag.py:538} INFO - Filling up the DagBag from /opt/airflow/dags/weather_fetcher.py
[2025-05-17T11:08:44.145+0000] {processor.py:842} WARNING - No viable dags retrieved from /opt/airflow/dags/weather_fetcher.py
[2025-05-17T11:08:44.278+0000] {processor.py:183} INFO - Processing /opt/airflow/dags/weather_fetcher.py took 0.219 seconds
[2025-05-17T11:08:54.843+0000] {processor.py:161} INFO - Started process (PID=292) to work on /opt/airflow/dags/weather_fetcher.py
[2025-05-17T11:08:54.849+0000] {processor.py:830} INFO - Processing file /opt/airflow/dags/weather_fetcher.py for tasks to queue
[2025-05-17T11:08:54.854+0000] {logging_mixin.py:188} INFO - [2025-05-17T11:08:54.853+0000] {dagbag.py:538} INFO - Filling up the DagBag from /opt/airflow/dags/weather_fetcher.py
[2025-05-17T11:08:54.934+0000] {processor.py:842} WARNING - No viable dags retrieved from /opt/airflow/dags/weather_fetcher.py
[2025-05-17T11:08:55.128+0000] {processor.py:183} INFO - Processing /opt/airflow/dags/weather_fetcher.py took 0.302 seconds
[2025-05-17T11:09:05.622+0000] {processor.py:161} INFO - Started process (PID=302) to work on /opt/airflow/dags/weather_fetcher.py
[2025-05-17T11:09:05.655+0000] {processor.py:830} INFO - Processing file /opt/airflow/dags/weather_fetcher.py for tasks to queue
[2025-05-17T11:09:05.658+0000] {logging_mixin.py:188} INFO - [2025-05-17T11:09:05.657+0000] {dagbag.py:538} INFO - Filling up the DagBag from /opt/airflow/dags/weather_fetcher.py
[2025-05-17T11:09:05.692+0000] {processor.py:842} WARNING - No viable dags retrieved from /opt/airflow/dags/weather_fetcher.py
[2025-05-17T11:09:05.770+0000] {processor.py:183} INFO - Processing /opt/airflow/dags/weather_fetcher.py took 0.186 seconds
[2025-05-17T11:09:16.133+0000] {processor.py:161} INFO - Started process (PID=310) to work on /opt/airflow/dags/weather_fetcher.py
[2025-05-17T11:09:16.135+0000] {processor.py:830} INFO - Processing file /opt/airflow/dags/weather_fetcher.py for tasks to queue
[2025-05-17T11:09:16.138+0000] {logging_mixin.py:188} INFO - [2025-05-17T11:09:16.137+0000] {dagbag.py:538} INFO - Filling up the DagBag from /opt/airflow/dags/weather_fetcher.py
[2025-05-17T11:09:16.161+0000] {processor.py:842} WARNING - No viable dags retrieved from /opt/airflow/dags/weather_fetcher.py
[2025-05-17T11:09:16.212+0000] {processor.py:183} INFO - Processing /opt/airflow/dags/weather_fetcher.py took 0.087 seconds
[2025-05-17T11:09:26.714+0000] {processor.py:161} INFO - Started process (PID=320) to work on /opt/airflow/dags/weather_fetcher.py
[2025-05-17T11:09:26.719+0000] {processor.py:830} INFO - Processing file /opt/airflow/dags/weather_fetcher.py for tasks to queue
[2025-05-17T11:09:26.724+0000] {logging_mixin.py:188} INFO - [2025-05-17T11:09:26.723+0000] {dagbag.py:538} INFO - Filling up the DagBag from /opt/airflow/dags/weather_fetcher.py
[2025-05-17T11:09:26.788+0000] {processor.py:842} WARNING - No viable dags retrieved from /opt/airflow/dags/weather_fetcher.py
[2025-05-17T11:09:26.958+0000] {processor.py:183} INFO - Processing /opt/airflow/dags/weather_fetcher.py took 0.257 seconds
[2025-05-17T11:09:37.513+0000] {processor.py:161} INFO - Started process (PID=327) to work on /opt/airflow/dags/weather_fetcher.py
[2025-05-17T11:09:37.518+0000] {processor.py:830} INFO - Processing file /opt/airflow/dags/weather_fetcher.py for tasks to queue
[2025-05-17T11:09:37.524+0000] {logging_mixin.py:188} INFO - [2025-05-17T11:09:37.522+0000] {dagbag.py:538} INFO - Filling up the DagBag from /opt/airflow/dags/weather_fetcher.py
[2025-05-17T11:09:37.588+0000] {processor.py:842} WARNING - No viable dags retrieved from /opt/airflow/dags/weather_fetcher.py
[2025-05-17T11:09:37.725+0000] {processor.py:183} INFO - Processing /opt/airflow/dags/weather_fetcher.py took 0.228 seconds
[2025-05-17T11:09:48.360+0000] {processor.py:161} INFO - Started process (PID=337) to work on /opt/airflow/dags/weather_fetcher.py
[2025-05-17T11:09:48.365+0000] {processor.py:830} INFO - Processing file /opt/airflow/dags/weather_fetcher.py for tasks to queue
[2025-05-17T11:09:48.369+0000] {logging_mixin.py:188} INFO - [2025-05-17T11:09:48.368+0000] {dagbag.py:538} INFO - Filling up the DagBag from /opt/airflow/dags/weather_fetcher.py
[2025-05-17T11:09:48.432+0000] {processor.py:842} WARNING - No viable dags retrieved from /opt/airflow/dags/weather_fetcher.py
[2025-05-17T11:09:48.566+0000] {processor.py:183} INFO - Processing /opt/airflow/dags/weather_fetcher.py took 0.219 seconds
[2025-05-17T11:09:58.970+0000] {processor.py:161} INFO - Started process (PID=347) to work on /opt/airflow/dags/weather_fetcher.py
[2025-05-17T11:09:58.974+0000] {processor.py:830} INFO - Processing file /opt/airflow/dags/weather_fetcher.py for tasks to queue
[2025-05-17T11:09:58.977+0000] {logging_mixin.py:188} INFO - [2025-05-17T11:09:58.976+0000] {dagbag.py:538} INFO - Filling up the DagBag from /opt/airflow/dags/weather_fetcher.py
[2025-05-17T11:09:59.009+0000] {processor.py:842} WARNING - No viable dags retrieved from /opt/airflow/dags/weather_fetcher.py
[2025-05-17T11:09:59.083+0000] {processor.py:183} INFO - Processing /opt/airflow/dags/weather_fetcher.py took 0.121 seconds
[2025-05-17T11:10:09.474+0000] {processor.py:161} INFO - Started process (PID=357) to work on /opt/airflow/dags/weather_fetcher.py
[2025-05-17T11:10:09.479+0000] {processor.py:830} INFO - Processing file /opt/airflow/dags/weather_fetcher.py for tasks to queue
[2025-05-17T11:10:09.486+0000] {logging_mixin.py:188} INFO - [2025-05-17T11:10:09.485+0000] {dagbag.py:538} INFO - Filling up the DagBag from /opt/airflow/dags/weather_fetcher.py
[2025-05-17T11:10:09.516+0000] {processor.py:842} WARNING - No viable dags retrieved from /opt/airflow/dags/weather_fetcher.py
[2025-05-17T11:10:09.602+0000] {processor.py:183} INFO - Processing /opt/airflow/dags/weather_fetcher.py took 0.145 seconds
[2025-05-17T11:10:19.710+0000] {processor.py:161} INFO - Started process (PID=367) to work on /opt/airflow/dags/weather_fetcher.py
[2025-05-17T11:10:19.712+0000] {processor.py:830} INFO - Processing file /opt/airflow/dags/weather_fetcher.py for tasks to queue
[2025-05-17T11:10:19.716+0000] {logging_mixin.py:188} INFO - [2025-05-17T11:10:19.715+0000] {dagbag.py:538} INFO - Filling up the DagBag from /opt/airflow/dags/weather_fetcher.py
[2025-05-17T11:10:19.756+0000] {processor.py:842} WARNING - No viable dags retrieved from /opt/airflow/dags/weather_fetcher.py
[2025-05-17T11:10:19.827+0000] {processor.py:183} INFO - Processing /opt/airflow/dags/weather_fetcher.py took 0.123 seconds
[2025-05-17T11:10:30.220+0000] {processor.py:161} INFO - Started process (PID=386) to work on /opt/airflow/dags/weather_fetcher.py
[2025-05-17T11:10:30.223+0000] {processor.py:830} INFO - Processing file /opt/airflow/dags/weather_fetcher.py for tasks to queue
[2025-05-17T11:10:30.225+0000] {logging_mixin.py:188} INFO - [2025-05-17T11:10:30.225+0000] {dagbag.py:538} INFO - Filling up the DagBag from /opt/airflow/dags/weather_fetcher.py
[2025-05-17T11:10:30.252+0000] {processor.py:842} WARNING - No viable dags retrieved from /opt/airflow/dags/weather_fetcher.py
[2025-05-17T11:10:30.316+0000] {processor.py:183} INFO - Processing /opt/airflow/dags/weather_fetcher.py took 0.106 seconds
[2025-05-17T11:10:40.792+0000] {processor.py:161} INFO - Started process (PID=396) to work on /opt/airflow/dags/weather_fetcher.py
[2025-05-17T11:10:40.798+0000] {processor.py:830} INFO - Processing file /opt/airflow/dags/weather_fetcher.py for tasks to queue
[2025-05-17T11:10:40.804+0000] {logging_mixin.py:188} INFO - [2025-05-17T11:10:40.802+0000] {dagbag.py:538} INFO - Filling up the DagBag from /opt/airflow/dags/weather_fetcher.py
[2025-05-17T11:10:40.876+0000] {processor.py:842} WARNING - No viable dags retrieved from /opt/airflow/dags/weather_fetcher.py
[2025-05-17T11:10:40.982+0000] {processor.py:183} INFO - Processing /opt/airflow/dags/weather_fetcher.py took 0.219 seconds
[2025-05-17T11:10:51.201+0000] {processor.py:161} INFO - Started process (PID=406) to work on /opt/airflow/dags/weather_fetcher.py
[2025-05-17T11:10:51.205+0000] {processor.py:830} INFO - Processing file /opt/airflow/dags/weather_fetcher.py for tasks to queue
[2025-05-17T11:10:51.211+0000] {logging_mixin.py:188} INFO - [2025-05-17T11:10:51.209+0000] {dagbag.py:538} INFO - Filling up the DagBag from /opt/airflow/dags/weather_fetcher.py
[2025-05-17T11:10:51.284+0000] {processor.py:842} WARNING - No viable dags retrieved from /opt/airflow/dags/weather_fetcher.py
[2025-05-17T11:10:51.431+0000] {processor.py:183} INFO - Processing /opt/airflow/dags/weather_fetcher.py took 0.246 seconds
[2025-05-17T11:11:01.968+0000] {processor.py:161} INFO - Started process (PID=416) to work on /opt/airflow/dags/weather_fetcher.py
[2025-05-17T11:11:01.973+0000] {processor.py:830} INFO - Processing file /opt/airflow/dags/weather_fetcher.py for tasks to queue
[2025-05-17T11:11:01.977+0000] {logging_mixin.py:188} INFO - [2025-05-17T11:11:01.976+0000] {dagbag.py:538} INFO - Filling up the DagBag from /opt/airflow/dags/weather_fetcher.py
[2025-05-17T11:11:02.002+0000] {processor.py:842} WARNING - No viable dags retrieved from /opt/airflow/dags/weather_fetcher.py
[2025-05-17T11:11:02.053+0000] {processor.py:183} INFO - Processing /opt/airflow/dags/weather_fetcher.py took 0.106 seconds
[2025-05-17T11:11:12.592+0000] {processor.py:161} INFO - Started process (PID=426) to work on /opt/airflow/dags/weather_fetcher.py
[2025-05-17T11:11:12.597+0000] {processor.py:830} INFO - Processing file /opt/airflow/dags/weather_fetcher.py for tasks to queue
[2025-05-17T11:11:12.602+0000] {logging_mixin.py:188} INFO - [2025-05-17T11:11:12.600+0000] {dagbag.py:538} INFO - Filling up the DagBag from /opt/airflow/dags/weather_fetcher.py
[2025-05-17T11:11:12.666+0000] {processor.py:842} WARNING - No viable dags retrieved from /opt/airflow/dags/weather_fetcher.py
[2025-05-17T11:11:12.800+0000] {processor.py:183} INFO - Processing /opt/airflow/dags/weather_fetcher.py took 0.222 seconds
[2025-05-17T11:11:23.230+0000] {processor.py:161} INFO - Started process (PID=436) to work on /opt/airflow/dags/weather_fetcher.py
[2025-05-17T11:11:23.233+0000] {processor.py:830} INFO - Processing file /opt/airflow/dags/weather_fetcher.py for tasks to queue
[2025-05-17T11:11:23.236+0000] {logging_mixin.py:188} INFO - [2025-05-17T11:11:23.235+0000] {dagbag.py:538} INFO - Filling up the DagBag from /opt/airflow/dags/weather_fetcher.py
[2025-05-17T11:11:23.270+0000] {processor.py:842} WARNING - No viable dags retrieved from /opt/airflow/dags/weather_fetcher.py
[2025-05-17T11:11:23.354+0000] {processor.py:183} INFO - Processing /opt/airflow/dags/weather_fetcher.py took 0.133 seconds
